C:\Users\sameerc\source\repos\InsurancePrediction.Com\InsurancePrediction.Com\Client\dist\out-tsc\src\model\person.js
C:\Users\sameerc\source\repos\InsurancePrediction.Com\InsurancePrediction.Com\Client\dist\out-tsc\src\model\person.js.map
C:\Users\sameerc\source\repos\InsurancePrediction.Com\InsurancePrediction.Com\Client\dist\out-tsc\src\model\environment.js
C:\Users\sameerc\source\repos\InsurancePrediction.Com\InsurancePrediction.Com\Client\dist\out-tsc\src\model\environment.js.map
C:\Users\sameerc\source\repos\InsurancePrediction.Com\InsurancePrediction.Com\Client\dist\out-tsc\src\services\premium.service.js
C:\Users\sameerc\source\repos\InsurancePrediction.Com\InsurancePrediction.Com\Client\dist\out-tsc\src\services\premium.service.js.map
C:\Users\sameerc\source\repos\InsurancePrediction.Com\InsurancePrediction.Com\Client\dist\out-tsc\src\app\app.component.js
C:\Users\sameerc\source\repos\InsurancePrediction.Com\InsurancePrediction.Com\Client\dist\out-tsc\src\app\app.component.js.map
C:\Users\sameerc\source\repos\InsurancePrediction.Com\InsurancePrediction.Com\Client\dist\out-tsc\src\app\app.module.js
C:\Users\sameerc\source\repos\InsurancePrediction.Com\InsurancePrediction.Com\Client\dist\out-tsc\src\app\app.module.js.map
C:\Users\sameerc\source\repos\InsurancePrediction.Com\InsurancePrediction.Com\Client\dist\out-tsc\src\environments\environment.js
C:\Users\sameerc\source\repos\InsurancePrediction.Com\InsurancePrediction.Com\Client\dist\out-tsc\src\environments\environment.js.map
C:\Users\sameerc\source\repos\InsurancePrediction.Com\InsurancePrediction.Com\Client\dist\out-tsc\src\main.js
C:\Users\sameerc\source\repos\InsurancePrediction.Com\InsurancePrediction.Com\Client\dist\out-tsc\src\main.js.map
C:\Users\sameerc\source\repos\InsurancePrediction.Com\InsurancePrediction.Com\Client\dist\out-tsc\src\polyfills.js
C:\Users\sameerc\source\repos\InsurancePrediction.Com\InsurancePrediction.Com\Client\dist\out-tsc\src\polyfills.js.map
C:\Users\sameerc\source\repos\InsurancePrediction.Com\InsurancePrediction.Com\Client\dist\out-tsc\src\test.js
C:\Users\sameerc\source\repos\InsurancePrediction.Com\InsurancePrediction.Com\Client\dist\out-tsc\src\test.js.map
C:\Users\sameerc\source\repos\InsurancePrediction.Com\InsurancePrediction.Com\Client\dist\out-tsc\src\environments\environment.prod.js
C:\Users\sameerc\source\repos\InsurancePrediction.Com\InsurancePrediction.Com\Client\dist\out-tsc\src\environments\environment.prod.js.map
C:\Users\sameerc\source\repos\InsurancePrediction.Com\InsurancePrediction.Com\Client\dist\out-tsc\src\app\app.component.spec.js
C:\Users\sameerc\source\repos\InsurancePrediction.Com\InsurancePrediction.Com\Client\dist\out-tsc\src\app\app.component.spec.js.map
C:\Users\sameerc\source\repos\InsurancePrediction.Com\InsurancePrediction.Com\Client\dist\out-tsc\e2e\src\app.po.js
C:\Users\sameerc\source\repos\InsurancePrediction.Com\InsurancePrediction.Com\Client\dist\out-tsc\e2e\src\app.po.js.map
C:\Users\sameerc\source\repos\InsurancePrediction.Com\InsurancePrediction.Com\Client\dist\out-tsc\e2e\src\app.e2e-spec.js
C:\Users\sameerc\source\repos\InsurancePrediction.Com\InsurancePrediction.Com\Client\dist\out-tsc\e2e\src\app.e2e-spec.js.map
C:\Users\sameerc\source\repos\InsurancePrediction.Com\InsurancePrediction.Com\Client\dist\out-tsc\src\model\person.js
C:\Users\sameerc\source\repos\InsurancePrediction.Com\InsurancePrediction.Com\Client\dist\out-tsc\src\model\person.js.map
C:\Users\sameerc\source\repos\InsurancePrediction.Com\InsurancePrediction.Com\Client\dist\out-tsc\src\services\premium.service.js
C:\Users\sameerc\source\repos\InsurancePrediction.Com\InsurancePrediction.Com\Client\dist\out-tsc\src\services\premium.service.js.map
C:\Users\sameerc\source\repos\InsurancePrediction.Com\InsurancePrediction.Com\Client\dist\out-tsc\src\app\app.component.js
C:\Users\sameerc\source\repos\InsurancePrediction.Com\InsurancePrediction.Com\Client\dist\out-tsc\src\app\app.component.js.map
C:\Users\sameerc\source\repos\InsurancePrediction.Com\InsurancePrediction.Com\Client\dist\out-tsc\src\app\app.module.js
C:\Users\sameerc\source\repos\InsurancePrediction.Com\InsurancePrediction.Com\Client\dist\out-tsc\src\app\app.module.js.map
C:\Users\sameerc\source\repos\InsurancePrediction.Com\InsurancePrediction.Com\Client\dist\out-tsc\src\environments\environment.js
C:\Users\sameerc\source\repos\InsurancePrediction.Com\InsurancePrediction.Com\Client\dist\out-tsc\src\environments\environment.js.map
C:\Users\sameerc\source\repos\InsurancePrediction.Com\InsurancePrediction.Com\Client\dist\out-tsc\src\main.js
C:\Users\sameerc\source\repos\InsurancePrediction.Com\InsurancePrediction.Com\Client\dist\out-tsc\src\main.js.map
C:\Users\sameerc\source\repos\InsurancePrediction.Com\InsurancePrediction.Com\Client\dist\out-tsc\src\polyfills.js
C:\Users\sameerc\source\repos\InsurancePrediction.Com\InsurancePrediction.Com\Client\dist\out-tsc\src\polyfills.js.map
C:\Users\sameerc\source\repos\InsurancePrediction.Com\InsurancePrediction.Com\Client\dist\out-tsc\src\test.js
C:\Users\sameerc\source\repos\InsurancePrediction.Com\InsurancePrediction.Com\Client\dist\out-tsc\src\test.js.map
C:\Users\sameerc\source\repos\InsurancePrediction.Com\InsurancePrediction.Com\Client\dist\out-tsc\src\environments\environment.prod.js
C:\Users\sameerc\source\repos\InsurancePrediction.Com\InsurancePrediction.Com\Client\dist\out-tsc\src\environments\environment.prod.js.map
C:\Users\sameerc\source\repos\InsurancePrediction.Com\InsurancePrediction.Com\Client\dist\out-tsc\src\app\app.component.spec.js
C:\Users\sameerc\source\repos\InsurancePrediction.Com\InsurancePrediction.Com\Client\dist\out-tsc\src\app\app.component.spec.js.map
C:\Users\sameerc\source\repos\InsurancePrediction.Com\InsurancePrediction.Com\Client\dist\out-tsc\e2e\src\app.po.js
C:\Users\sameerc\source\repos\InsurancePrediction.Com\InsurancePrediction.Com\Client\dist\out-tsc\e2e\src\app.po.js.map
C:\Users\sameerc\source\repos\InsurancePrediction.Com\InsurancePrediction.Com\Client\dist\out-tsc\e2e\src\app.e2e-spec.js
C:\Users\sameerc\source\repos\InsurancePrediction.Com\InsurancePrediction.Com\Client\dist\out-tsc\e2e\src\app.e2e-spec.js.map
