D:\POC\InsurancePrediction.Com\InsurancePrediction.Com\Planbot\dist\out-tsc\src\app\services\login\login.service.js
D:\POC\InsurancePrediction.Com\InsurancePrediction.Com\Planbot\dist\out-tsc\src\app\services\login\login.service.js.map
D:\POC\InsurancePrediction.Com\InsurancePrediction.Com\Planbot\dist\out-tsc\src\app\home\home.component.js
D:\POC\InsurancePrediction.Com\InsurancePrediction.Com\Planbot\dist\out-tsc\src\app\home\home.component.js.map
D:\POC\InsurancePrediction.Com\InsurancePrediction.Com\Planbot\dist\out-tsc\src\app\chat\chat.component.js
D:\POC\InsurancePrediction.Com\InsurancePrediction.Com\Planbot\dist\out-tsc\src\app\chat\chat.component.js.map
D:\POC\InsurancePrediction.Com\InsurancePrediction.Com\Planbot\dist\out-tsc\src\app\models\login.js
D:\POC\InsurancePrediction.Com\InsurancePrediction.Com\Planbot\dist\out-tsc\src\app\models\login.js.map
D:\POC\InsurancePrediction.Com\InsurancePrediction.Com\Planbot\dist\out-tsc\src\app\login\login.component.js
D:\POC\InsurancePrediction.Com\InsurancePrediction.Com\Planbot\dist\out-tsc\src\app\login\login.component.js.map
D:\POC\InsurancePrediction.Com\InsurancePrediction.Com\Planbot\dist\out-tsc\src\app\models\person.js
D:\POC\InsurancePrediction.Com\InsurancePrediction.Com\Planbot\dist\out-tsc\src\app\models\person.js.map
D:\POC\InsurancePrediction.Com\InsurancePrediction.Com\Planbot\dist\out-tsc\src\app\services\premium.service.js
D:\POC\InsurancePrediction.Com\InsurancePrediction.Com\Planbot\dist\out-tsc\src\app\services\premium.service.js.map
D:\POC\InsurancePrediction.Com\InsurancePrediction.Com\Planbot\dist\out-tsc\src\app\prediction\prediction.component.js
D:\POC\InsurancePrediction.Com\InsurancePrediction.Com\Planbot\dist\out-tsc\src\app\prediction\prediction.component.js.map
D:\POC\InsurancePrediction.Com\InsurancePrediction.Com\Planbot\dist\out-tsc\src\app\app-routing.module.js
D:\POC\InsurancePrediction.Com\InsurancePrediction.Com\Planbot\dist\out-tsc\src\app\app-routing.module.js.map
D:\POC\InsurancePrediction.Com\InsurancePrediction.Com\Planbot\dist\out-tsc\src\app\app.component.js
D:\POC\InsurancePrediction.Com\InsurancePrediction.Com\Planbot\dist\out-tsc\src\app\app.component.js.map
D:\POC\InsurancePrediction.Com\InsurancePrediction.Com\Planbot\dist\out-tsc\src\app\navbar\navbar.component.js
D:\POC\InsurancePrediction.Com\InsurancePrediction.Com\Planbot\dist\out-tsc\src\app\navbar\navbar.component.js.map
D:\POC\InsurancePrediction.Com\InsurancePrediction.Com\Planbot\dist\out-tsc\src\app\app.module.js
D:\POC\InsurancePrediction.Com\InsurancePrediction.Com\Planbot\dist\out-tsc\src\app\app.module.js.map
D:\POC\InsurancePrediction.Com\InsurancePrediction.Com\Planbot\dist\out-tsc\src\environments\environment.js
D:\POC\InsurancePrediction.Com\InsurancePrediction.Com\Planbot\dist\out-tsc\src\environments\environment.js.map
D:\POC\InsurancePrediction.Com\InsurancePrediction.Com\Planbot\dist\out-tsc\src\main.js
D:\POC\InsurancePrediction.Com\InsurancePrediction.Com\Planbot\dist\out-tsc\src\main.js.map
D:\POC\InsurancePrediction.Com\InsurancePrediction.Com\Planbot\dist\out-tsc\src\polyfills.js
D:\POC\InsurancePrediction.Com\InsurancePrediction.Com\Planbot\dist\out-tsc\src\polyfills.js.map
D:\POC\InsurancePrediction.Com\InsurancePrediction.Com\Planbot\dist\out-tsc\src\test.js
D:\POC\InsurancePrediction.Com\InsurancePrediction.Com\Planbot\dist\out-tsc\src\test.js.map
D:\POC\InsurancePrediction.Com\InsurancePrediction.Com\Planbot\dist\out-tsc\e2e\src\app.po.js
D:\POC\InsurancePrediction.Com\InsurancePrediction.Com\Planbot\dist\out-tsc\e2e\src\app.po.js.map
D:\POC\InsurancePrediction.Com\InsurancePrediction.Com\Planbot\dist\out-tsc\e2e\src\app.e2e-spec.js
D:\POC\InsurancePrediction.Com\InsurancePrediction.Com\Planbot\dist\out-tsc\e2e\src\app.e2e-spec.js.map
D:\POC\InsurancePrediction.Com\InsurancePrediction.Com\Planbot\dist\out-tsc\src\app\app.component.spec.js
D:\POC\InsurancePrediction.Com\InsurancePrediction.Com\Planbot\dist\out-tsc\src\app\app.component.spec.js.map
D:\POC\InsurancePrediction.Com\InsurancePrediction.Com\Planbot\dist\out-tsc\src\environments\environment.prod.js
D:\POC\InsurancePrediction.Com\InsurancePrediction.Com\Planbot\dist\out-tsc\src\environments\environment.prod.js.map
D:\POC\InsurancePrediction.Com\InsurancePrediction.Com\Planbot\dist\out-tsc\src\app\chat\chat.component.spec.js
D:\POC\InsurancePrediction.Com\InsurancePrediction.Com\Planbot\dist\out-tsc\src\app\chat\chat.component.spec.js.map
D:\POC\InsurancePrediction.Com\InsurancePrediction.Com\Planbot\dist\out-tsc\src\app\home\home.component.spec.js
D:\POC\InsurancePrediction.Com\InsurancePrediction.Com\Planbot\dist\out-tsc\src\app\home\home.component.spec.js.map
D:\POC\InsurancePrediction.Com\InsurancePrediction.Com\Planbot\dist\out-tsc\src\app\login\login.component.spec.js
D:\POC\InsurancePrediction.Com\InsurancePrediction.Com\Planbot\dist\out-tsc\src\app\login\login.component.spec.js.map
D:\POC\InsurancePrediction.Com\InsurancePrediction.Com\Planbot\dist\out-tsc\src\app\navbar\navbar.component.spec.js
D:\POC\InsurancePrediction.Com\InsurancePrediction.Com\Planbot\dist\out-tsc\src\app\navbar\navbar.component.spec.js.map
D:\POC\InsurancePrediction.Com\InsurancePrediction.Com\Planbot\dist\out-tsc\src\app\prediction\prediction.component.spec.js
D:\POC\InsurancePrediction.Com\InsurancePrediction.Com\Planbot\dist\out-tsc\src\app\prediction\prediction.component.spec.js.map
D:\POC\InsurancePrediction.Com\InsurancePrediction.Com\Planbot\dist\out-tsc\src\app\services\login\login.service.spec.js
D:\POC\InsurancePrediction.Com\InsurancePrediction.Com\Planbot\dist\out-tsc\src\app\services\login\login.service.spec.js.map
