C:\Users\ranjeetr\Desktop\InsurancePrediction.Com\InsurancePrediction.Com\Planbot\dist\out-tsc\src\app\services\login\login.service.js
C:\Users\ranjeetr\Desktop\InsurancePrediction.Com\InsurancePrediction.Com\Planbot\dist\out-tsc\src\app\services\login\login.service.js.map
C:\Users\ranjeetr\Desktop\InsurancePrediction.Com\InsurancePrediction.Com\Planbot\dist\out-tsc\src\app\core\user.service.js
C:\Users\ranjeetr\Desktop\InsurancePrediction.Com\InsurancePrediction.Com\Planbot\dist\out-tsc\src\app\core\user.service.js.map
C:\Users\ranjeetr\Desktop\InsurancePrediction.Com\InsurancePrediction.Com\Planbot\dist\out-tsc\src\app\core\auth.service.js
C:\Users\ranjeetr\Desktop\InsurancePrediction.Com\InsurancePrediction.Com\Planbot\dist\out-tsc\src\app\core\auth.service.js.map
C:\Users\ranjeetr\Desktop\InsurancePrediction.Com\InsurancePrediction.Com\Planbot\dist\out-tsc\src\app\core\user.model.js
C:\Users\ranjeetr\Desktop\InsurancePrediction.Com\InsurancePrediction.Com\Planbot\dist\out-tsc\src\app\core\user.model.js.map
C:\Users\ranjeetr\Desktop\InsurancePrediction.Com\InsurancePrediction.Com\Planbot\dist\out-tsc\src\app\home\home.component.js
C:\Users\ranjeetr\Desktop\InsurancePrediction.Com\InsurancePrediction.Com\Planbot\dist\out-tsc\src\app\home\home.component.js.map
C:\Users\ranjeetr\Desktop\InsurancePrediction.Com\InsurancePrediction.Com\Planbot\dist\out-tsc\src\app\chat\chat.component.js
C:\Users\ranjeetr\Desktop\InsurancePrediction.Com\InsurancePrediction.Com\Planbot\dist\out-tsc\src\app\chat\chat.component.js.map
C:\Users\ranjeetr\Desktop\InsurancePrediction.Com\InsurancePrediction.Com\Planbot\dist\out-tsc\src\app\login\login.component.js
C:\Users\ranjeetr\Desktop\InsurancePrediction.Com\InsurancePrediction.Com\Planbot\dist\out-tsc\src\app\login\login.component.js.map
C:\Users\ranjeetr\Desktop\InsurancePrediction.Com\InsurancePrediction.Com\Planbot\dist\out-tsc\src\app\models\person.js
C:\Users\ranjeetr\Desktop\InsurancePrediction.Com\InsurancePrediction.Com\Planbot\dist\out-tsc\src\app\models\person.js.map
C:\Users\ranjeetr\Desktop\InsurancePrediction.Com\InsurancePrediction.Com\Planbot\dist\out-tsc\src\app\services\premium.service.js
C:\Users\ranjeetr\Desktop\InsurancePrediction.Com\InsurancePrediction.Com\Planbot\dist\out-tsc\src\app\services\premium.service.js.map
C:\Users\ranjeetr\Desktop\InsurancePrediction.Com\InsurancePrediction.Com\Planbot\dist\out-tsc\src\app\prediction\prediction.component.js
C:\Users\ranjeetr\Desktop\InsurancePrediction.Com\InsurancePrediction.Com\Planbot\dist\out-tsc\src\app\prediction\prediction.component.js.map
C:\Users\ranjeetr\Desktop\InsurancePrediction.Com\InsurancePrediction.Com\Planbot\dist\out-tsc\src\app\user\user.resolver.js
C:\Users\ranjeetr\Desktop\InsurancePrediction.Com\InsurancePrediction.Com\Planbot\dist\out-tsc\src\app\user\user.resolver.js.map
C:\Users\ranjeetr\Desktop\InsurancePrediction.Com\InsurancePrediction.Com\Planbot\dist\out-tsc\src\app\core\auth.guard.js
C:\Users\ranjeetr\Desktop\InsurancePrediction.Com\InsurancePrediction.Com\Planbot\dist\out-tsc\src\app\core\auth.guard.js.map
C:\Users\ranjeetr\Desktop\InsurancePrediction.Com\InsurancePrediction.Com\Planbot\dist\out-tsc\src\app\layouts\home-layout.component.js
C:\Users\ranjeetr\Desktop\InsurancePrediction.Com\InsurancePrediction.Com\Planbot\dist\out-tsc\src\app\layouts\home-layout.component.js.map
C:\Users\ranjeetr\Desktop\InsurancePrediction.Com\InsurancePrediction.Com\Planbot\dist\out-tsc\src\app\layouts\login-layout.component.js
C:\Users\ranjeetr\Desktop\InsurancePrediction.Com\InsurancePrediction.Com\Planbot\dist\out-tsc\src\app\layouts\login-layout.component.js.map
C:\Users\ranjeetr\Desktop\InsurancePrediction.Com\InsurancePrediction.Com\Planbot\dist\out-tsc\src\app\app-routing.module.js
C:\Users\ranjeetr\Desktop\InsurancePrediction.Com\InsurancePrediction.Com\Planbot\dist\out-tsc\src\app\app-routing.module.js.map
C:\Users\ranjeetr\Desktop\InsurancePrediction.Com\InsurancePrediction.Com\Planbot\dist\out-tsc\src\app\app.component.js
C:\Users\ranjeetr\Desktop\InsurancePrediction.Com\InsurancePrediction.Com\Planbot\dist\out-tsc\src\app\app.component.js.map
C:\Users\ranjeetr\Desktop\InsurancePrediction.Com\InsurancePrediction.Com\Planbot\dist\out-tsc\src\app\navbar\navbar.component.js
C:\Users\ranjeetr\Desktop\InsurancePrediction.Com\InsurancePrediction.Com\Planbot\dist\out-tsc\src\app\navbar\navbar.component.js.map
C:\Users\ranjeetr\Desktop\InsurancePrediction.Com\InsurancePrediction.Com\Planbot\dist\out-tsc\src\environments\environment.js
C:\Users\ranjeetr\Desktop\InsurancePrediction.Com\InsurancePrediction.Com\Planbot\dist\out-tsc\src\environments\environment.js.map
C:\Users\ranjeetr\Desktop\InsurancePrediction.Com\InsurancePrediction.Com\Planbot\dist\out-tsc\src\app\user\user.component.js
C:\Users\ranjeetr\Desktop\InsurancePrediction.Com\InsurancePrediction.Com\Planbot\dist\out-tsc\src\app\user\user.component.js.map
C:\Users\ranjeetr\Desktop\InsurancePrediction.Com\InsurancePrediction.Com\Planbot\dist\out-tsc\src\app\app.module.js
C:\Users\ranjeetr\Desktop\InsurancePrediction.Com\InsurancePrediction.Com\Planbot\dist\out-tsc\src\app\app.module.js.map
C:\Users\ranjeetr\Desktop\InsurancePrediction.Com\InsurancePrediction.Com\Planbot\dist\out-tsc\src\main.js
C:\Users\ranjeetr\Desktop\InsurancePrediction.Com\InsurancePrediction.Com\Planbot\dist\out-tsc\src\main.js.map
C:\Users\ranjeetr\Desktop\InsurancePrediction.Com\InsurancePrediction.Com\Planbot\dist\out-tsc\src\polyfills.js
C:\Users\ranjeetr\Desktop\InsurancePrediction.Com\InsurancePrediction.Com\Planbot\dist\out-tsc\src\polyfills.js.map
C:\Users\ranjeetr\Desktop\InsurancePrediction.Com\InsurancePrediction.Com\Planbot\dist\out-tsc\src\test.js
C:\Users\ranjeetr\Desktop\InsurancePrediction.Com\InsurancePrediction.Com\Planbot\dist\out-tsc\src\test.js.map
C:\Users\ranjeetr\Desktop\InsurancePrediction.Com\InsurancePrediction.Com\Planbot\dist\out-tsc\e2e\src\app.po.js
C:\Users\ranjeetr\Desktop\InsurancePrediction.Com\InsurancePrediction.Com\Planbot\dist\out-tsc\e2e\src\app.po.js.map
C:\Users\ranjeetr\Desktop\InsurancePrediction.Com\InsurancePrediction.Com\Planbot\dist\out-tsc\e2e\src\app.e2e-spec.js
C:\Users\ranjeetr\Desktop\InsurancePrediction.Com\InsurancePrediction.Com\Planbot\dist\out-tsc\e2e\src\app.e2e-spec.js.map
C:\Users\ranjeetr\Desktop\InsurancePrediction.Com\InsurancePrediction.Com\Planbot\dist\out-tsc\src\app\app.component.spec.js
C:\Users\ranjeetr\Desktop\InsurancePrediction.Com\InsurancePrediction.Com\Planbot\dist\out-tsc\src\app\app.component.spec.js.map
C:\Users\ranjeetr\Desktop\InsurancePrediction.Com\InsurancePrediction.Com\Planbot\dist\out-tsc\src\environments\environment.prod.js
C:\Users\ranjeetr\Desktop\InsurancePrediction.Com\InsurancePrediction.Com\Planbot\dist\out-tsc\src\environments\environment.prod.js.map
C:\Users\ranjeetr\Desktop\InsurancePrediction.Com\InsurancePrediction.Com\Planbot\dist\out-tsc\src\app\chat\chat.component.spec.js
C:\Users\ranjeetr\Desktop\InsurancePrediction.Com\InsurancePrediction.Com\Planbot\dist\out-tsc\src\app\chat\chat.component.spec.js.map
C:\Users\ranjeetr\Desktop\InsurancePrediction.Com\InsurancePrediction.Com\Planbot\dist\out-tsc\src\app\home\home.component.spec.js
C:\Users\ranjeetr\Desktop\InsurancePrediction.Com\InsurancePrediction.Com\Planbot\dist\out-tsc\src\app\home\home.component.spec.js.map
C:\Users\ranjeetr\Desktop\InsurancePrediction.Com\InsurancePrediction.Com\Planbot\dist\out-tsc\src\app\login\login.component.spec.js
C:\Users\ranjeetr\Desktop\InsurancePrediction.Com\InsurancePrediction.Com\Planbot\dist\out-tsc\src\app\login\login.component.spec.js.map
C:\Users\ranjeetr\Desktop\InsurancePrediction.Com\InsurancePrediction.Com\Planbot\dist\out-tsc\src\app\models\login.js
C:\Users\ranjeetr\Desktop\InsurancePrediction.Com\InsurancePrediction.Com\Planbot\dist\out-tsc\src\app\models\login.js.map
C:\Users\ranjeetr\Desktop\InsurancePrediction.Com\InsurancePrediction.Com\Planbot\dist\out-tsc\src\app\navbar\navbar.component.spec.js
C:\Users\ranjeetr\Desktop\InsurancePrediction.Com\InsurancePrediction.Com\Planbot\dist\out-tsc\src\app\navbar\navbar.component.spec.js.map
C:\Users\ranjeetr\Desktop\InsurancePrediction.Com\InsurancePrediction.Com\Planbot\dist\out-tsc\src\app\prediction\prediction.component.spec.js
C:\Users\ranjeetr\Desktop\InsurancePrediction.Com\InsurancePrediction.Com\Planbot\dist\out-tsc\src\app\prediction\prediction.component.spec.js.map
C:\Users\ranjeetr\Desktop\InsurancePrediction.Com\InsurancePrediction.Com\Planbot\dist\out-tsc\src\app\services\login\login.service.spec.js
C:\Users\ranjeetr\Desktop\InsurancePrediction.Com\InsurancePrediction.Com\Planbot\dist\out-tsc\src\app\services\login\login.service.spec.js.map
